<?xml version="1.0" encoding="UTF-8"?>
<testng-results skipped="0" failed="0" total="2" passed="2">
  <reporter-output>
  </reporter-output>
  <suite name="InetBankingV1" duration-ms="12095" started-at="2019-04-13T02:03:19Z" finished-at="2019-04-13T02:03:31Z">
    <groups>
    </groups>
    <test name="BankingApp Test" duration-ms="12095" started-at="2019-04-13T02:03:19Z" finished-at="2019-04-13T02:03:31Z">
      <class name="com.inetBanking.testCases.TC_LoginDDT_002">
        <test-method status="PASS" signature="setup(java.lang.String)[pri:0, instance:com.inetBanking.testCases.TC_LoginDDT_002@43a25848]" name="setup" is-config="true" duration-ms="5867" started-at="2019-04-12T21:03:20Z" finished-at="2019-04-12T21:03:25Z">
          <params>
            <param index="0">
              <value>
                <![CDATA[chrome]]>
              </value>
            </param>
          </params>
          <reporter-output>
          </reporter-output>
        </test-method> <!-- setup -->
        <test-method status="PASS" signature="LoginDDT(java.lang.String, java.lang.String)[pri:0, instance:com.inetBanking.testCases.TC_LoginDDT_002@43a25848]" name="LoginDDT" duration-ms="1843" started-at="2019-04-12T21:03:26Z" data-provider="LoginData" finished-at="2019-04-12T21:03:28Z">
          <params>
            <param index="0">
              <value>
                <![CDATA[mngr188366]]>
              </value>
            </param>
            <param index="1">
              <value>
                <![CDATA[qAvEsaq]]>
              </value>
            </param>
          </params>
          <reporter-output>
          </reporter-output>
        </test-method> <!-- LoginDDT -->
        <test-method status="PASS" signature="LoginDDT(java.lang.String, java.lang.String)[pri:0, instance:com.inetBanking.testCases.TC_LoginDDT_002@43a25848]" name="LoginDDT" duration-ms="2383" started-at="2019-04-12T21:03:28Z" data-provider="LoginData" finished-at="2019-04-12T21:03:31Z">
          <params>
            <param index="0">
              <value>
                <![CDATA[mngr188353]]>
              </value>
            </param>
            <param index="1">
              <value>
                <![CDATA[EpEtUvY]]>
              </value>
            </param>
          </params>
          <reporter-output>
          </reporter-output>
        </test-method> <!-- LoginDDT -->
        <test-method status="PASS" signature="tearDown()[pri:0, instance:com.inetBanking.testCases.TC_LoginDDT_002@43a25848]" name="tearDown" is-config="true" duration-ms="728" started-at="2019-04-12T21:03:31Z" finished-at="2019-04-12T21:03:31Z">
          <reporter-output>
          </reporter-output>
        </test-method> <!-- tearDown -->
      </class> <!-- com.inetBanking.testCases.TC_LoginDDT_002 -->
    </test> <!-- BankingApp Test -->
  </suite> <!-- InetBankingV1 -->
</testng-results>
